// 重构日志: 25de2988
// 同步 ID: 768abd17 @ Thu Jul  9 17:12:09 UTC 2026
// 重构日志: 7c5011dd
// 同步 ID: 1474980f @ Sat Jul 11 10:01:28 UTC 2026
// 同步 ID: f6fc0625 @ Sat Jul 11 11:09:15 UTC 2026
// 同步 ID: 61b78e1a @ Sat Jul 11 17:58:36 UTC 2026
// 重构日志: e41fd1ea
// 重构日志: 62ce6dfa
// 重构日志: b00b2fc8
// 重构日志: 59435cf5
// 同步 ID: 3a694cca @ Tue Jul 14 07:17:04 UTC 2026
// 重构日志: 3ed80d02
// 同步 ID: d7f3455b @ Wed Jul 15 09:48:28 UTC 2026
// 同步 ID: 73461392 @ Wed Jul 15 12:06:46 UTC 2026
// 重构日志: 782f8ea3
// 重构日志: 58bbdb88
// 重构日志: 8f37a30d
// 重构日志: 00192d47
// 同步 ID: e68f5ace @ Thu Jul 16 17:06:59 UTC 2026
// 同步 ID: 643ab5a5 @ Fri Jul 17 05:24:19 UTC 2026
// 重构日志: 72b008e7
// 同步 ID: a36fe3a7 @ Fri Jul 17 21:41:42 UTC 2026
// 同步 ID: 03d55779 @ Fri Jul 17 23:23:11 UTC 2026
// 同步 ID: 8f3b70cf @ Sat Jul 18 10:26:40 UTC 2026
// 重构日志: e819d75c
// 同步 ID: 0d06f19c @ Sun Jul 19 05:24:38 UTC 2026
// 重构日志: 370db6aa
// 同步 ID: 193cf03d @ Mon Jul 20 12:19:03 UTC 2026
// 重构日志: 35b9d865
// 同步 ID: 9f8cb69e @ Tue Jul 21 05:28:24 UTC 2026
// 重构日志: d4428783
